---------------------------------------------------------------
[ 2023-06-30T15:33:13+08:00 ] 0.0.0.0 GET localhost:81/index.php
[运行时间：0.045222s] [吞吐率：22.11req/s] [内存消耗：2,622.95kb] [文件加载：46]
[ info ] [ ROUTE ] array (
  'type' => 'module',
  'module' => 
  array (
    0 => '',
    1 => NULL,
    2 => NULL,
  ),
)
[ info ] [ HEADER ] array (
  'cookie' => 'PHPSESSID=eg3ci24v5o57i2gej4if2r9f2m; think_var=en-ph',
  'accept-language' => 'en-PH,en;q=0.9,zh-CN;q=0.8,zh;q=0.7,en-US;q=0.6,zh-TW;q=0.5',
  'accept-encoding' => 'gzip, deflate, br',
  'sec-fetch-dest' => 'document',
  'sec-fetch-user' => '?1',
  'sec-fetch-mode' => 'navigate',
  'sec-fetch-site' => 'none',
  'accept' => 'text/html,application/xhtml+xml,application/xml;q=0.9,image/avif,image/webp,image/apng,*/*;q=0.8,application/signed-exchange;v=b3;q=0.7',
  'user-agent' => 'Mozilla/5.0 (Windows NT 10.0; Win64; x64) AppleWebKit/537.36 (KHTML, like Gecko) Chrome/114.0.0.0 Safari/537.36',
  'upgrade-insecure-requests' => '1',
  'sec-ch-ua-platform' => '"Windows"',
  'sec-ch-ua-mobile' => '?0',
  'sec-ch-ua' => '"Not.A/Brand";v="8", "Chromium";v="114", "Google Chrome";v="114"',
  'cache-control' => 'max-age=0',
  'connection' => 'close',
  'host' => 'localhost:81',
)
[ info ] [ PARAM ] array (
)
[ info ] [ BEHAVIOR ] Run app\common\behavior\Common @module_init [ RunTime:0.002496s ]
[ info ] [ SESSION ] INIT array (
  'id' => '',
  'var_session_id' => '',
  'prefix' => 'think',
  'type' => '',
  'auto_start' => true,
)
[ info ] [ RUN ] app\index\controller\Index->index[ C:\w\frt\mdm-api\application\index\controller\Index.php ]
[ info ] [ LOG ] INIT File
---------------------------------------------------------------
[ 2023-06-30T15:35:41+08:00 ] 0.0.0.0 GET localhost:81/index.php/userInfo
[运行时间：0.034001s] [吞吐率：29.41req/s] [内存消耗：2,462.59kb] [文件加载：40]
[ info ] [ ROUTE ] array (
  'type' => 'module',
  'module' => 
  array (
    0 => 'api',
    1 => 'index',
    2 => 'is_check_v2',
  ),
  'convert' => false,
)
[ info ] [ HEADER ] array (
  'cookie' => 'PHPSESSID=eg3ci24v5o57i2gej4if2r9f2m; think_var=en-ph; thinkphp_show_page_trace=0|0',
  'accept-language' => 'en-PH,en;q=0.9,zh-CN;q=0.8,zh;q=0.7,en-US;q=0.6,zh-TW;q=0.5',
  'accept-encoding' => 'gzip, deflate, br',
  'sec-fetch-dest' => 'document',
  'sec-fetch-user' => '?1',
  'sec-fetch-mode' => 'navigate',
  'sec-fetch-site' => 'none',
  'accept' => 'text/html,application/xhtml+xml,application/xml;q=0.9,image/avif,image/webp,image/apng,*/*;q=0.8,application/signed-exchange;v=b3;q=0.7',
  'user-agent' => 'Mozilla/5.0 (Windows NT 10.0; Win64; x64) AppleWebKit/537.36 (KHTML, like Gecko) Chrome/114.0.0.0 Safari/537.36',
  'upgrade-insecure-requests' => '1',
  'sec-ch-ua-platform' => '"Windows"',
  'sec-ch-ua-mobile' => '?0',
  'sec-ch-ua' => '"Not.A/Brand";v="8", "Chromium";v="114", "Google Chrome";v="114"',
  'connection' => 'close',
  'host' => 'localhost:81',
)
[ info ] [ PARAM ] array (
)
[ info ] [ BEHAVIOR ] Run app\common\behavior\Common @module_init [ RunTime:0.005761s ]
[ info ] [ RUN ] app\api\controller\Index->is_check_v2[ C:\w\frt\mdm-api\application\api\controller\Index.php ]
[ info ] [ LOG ] INIT File
---------------------------------------------------------------
[ 2023-06-30T15:37:33+08:00 ] 0.0.0.0 GET localhost:81/index.php/userInfo?AliyunTag%20=63c7e9b6c2bc2
[运行时间：0.028761s] [吞吐率：34.77req/s] [内存消耗：2,462.79kb] [文件加载：40]
[ info ] [ ROUTE ] array (
  'type' => 'module',
  'module' => 
  array (
    0 => 'api',
    1 => 'index',
    2 => 'is_check_v2',
  ),
  'convert' => false,
)
[ info ] [ HEADER ] array (
  'cookie' => 'PHPSESSID=eg3ci24v5o57i2gej4if2r9f2m; think_var=en-ph; thinkphp_show_page_trace=0|0',
  'accept-language' => 'en-PH,en;q=0.9,zh-CN;q=0.8,zh;q=0.7,en-US;q=0.6,zh-TW;q=0.5',
  'accept-encoding' => 'gzip, deflate, br',
  'sec-fetch-dest' => 'document',
  'sec-fetch-user' => '?1',
  'sec-fetch-mode' => 'navigate',
  'sec-fetch-site' => 'none',
  'accept' => 'text/html,application/xhtml+xml,application/xml;q=0.9,image/avif,image/webp,image/apng,*/*;q=0.8,application/signed-exchange;v=b3;q=0.7',
  'user-agent' => 'Mozilla/5.0 (Windows NT 10.0; Win64; x64) AppleWebKit/537.36 (KHTML, like Gecko) Chrome/114.0.0.0 Safari/537.36',
  'upgrade-insecure-requests' => '1',
  'sec-ch-ua-platform' => '"Windows"',
  'sec-ch-ua-mobile' => '?0',
  'sec-ch-ua' => '"Not.A/Brand";v="8", "Chromium";v="114", "Google Chrome";v="114"',
  'connection' => 'close',
  'host' => 'localhost:81',
)
[ info ] [ PARAM ] array (
  'AliyunTag_' => '63c7e9b6c2bc2',
)
[ info ] [ BEHAVIOR ] Run app\common\behavior\Common @module_init [ RunTime:0.001699s ]
[ info ] [ RUN ] app\api\controller\Index->is_check_v2[ C:\w\frt\mdm-api\application\api\controller\Index.php ]
[ info ] [ LOG ] INIT File
---------------------------------------------------------------
[ 2023-06-30T15:37:42+08:00 ] 0.0.0.0 GET localhost:81/index.php/userInfo?AliyunTag=63c7e9b6c2bc2
[运行时间：0.031991s] [吞吐率：31.26req/s] [内存消耗：2,462.36kb] [文件加载：40]
[ info ] [ ROUTE ] array (
  'type' => 'module',
  'module' => 
  array (
    0 => 'api',
    1 => 'index',
    2 => 'is_check_v2',
  ),
  'convert' => false,
)
[ info ] [ HEADER ] array (
  'cookie' => 'PHPSESSID=eg3ci24v5o57i2gej4if2r9f2m; think_var=en-ph; thinkphp_show_page_trace=0|0',
  'accept-language' => 'en-PH,en;q=0.9,zh-CN;q=0.8,zh;q=0.7,en-US;q=0.6,zh-TW;q=0.5',
  'accept-encoding' => 'gzip, deflate, br',
  'sec-fetch-dest' => 'document',
  'sec-fetch-user' => '?1',
  'sec-fetch-mode' => 'navigate',
  'sec-fetch-site' => 'none',
  'accept' => 'text/html,application/xhtml+xml,application/xml;q=0.9,image/avif,image/webp,image/apng,*/*;q=0.8,application/signed-exchange;v=b3;q=0.7',
  'user-agent' => 'Mozilla/5.0 (Windows NT 10.0; Win64; x64) AppleWebKit/537.36 (KHTML, like Gecko) Chrome/114.0.0.0 Safari/537.36',
  'upgrade-insecure-requests' => '1',
  'sec-ch-ua-platform' => '"Windows"',
  'sec-ch-ua-mobile' => '?0',
  'sec-ch-ua' => '"Not.A/Brand";v="8", "Chromium";v="114", "Google Chrome";v="114"',
  'connection' => 'close',
  'host' => 'localhost:81',
)
[ info ] [ PARAM ] array (
  'AliyunTag' => '63c7e9b6c2bc2',
)
[ info ] [ BEHAVIOR ] Run app\common\behavior\Common @module_init [ RunTime:0.002840s ]
[ info ] [ RUN ] app\api\controller\Index->is_check_v2[ C:\w\frt\mdm-api\application\api\controller\Index.php ]
[ info ] [ LOG ] INIT File
---------------------------------------------------------------
[ 2023-06-30T15:42:56+08:00 ] 0.0.0.0 GET localhost:81/index.php/api/index/fff?AliyunTag=63c7e9b6c2bc2
[运行时间：0.037065s] [吞吐率：26.98req/s] [内存消耗：2,462.05kb] [文件加载：40]
[ info ] [ ROUTE ] array (
  'type' => 'module',
  'module' => 
  array (
    0 => 'api',
    1 => 'index',
    2 => 'fff',
  ),
)
[ info ] [ HEADER ] array (
  'cookie' => 'thinkphp_show_page_trace=0|0; PHPSESSID=eg3ci24v5o57i2gej4if2r9f2m; think_var=en-ph; thinkphp_show_page_trace=0|0',
  'accept-language' => 'en-PH,en;q=0.9,zh-CN;q=0.8,zh;q=0.7,en-US;q=0.6,zh-TW;q=0.5',
  'accept-encoding' => 'gzip, deflate, br',
  'sec-fetch-dest' => 'document',
  'sec-fetch-user' => '?1',
  'sec-fetch-mode' => 'navigate',
  'sec-fetch-site' => 'none',
  'accept' => 'text/html,application/xhtml+xml,application/xml;q=0.9,image/avif,image/webp,image/apng,*/*;q=0.8,application/signed-exchange;v=b3;q=0.7',
  'user-agent' => 'Mozilla/5.0 (Windows NT 10.0; Win64; x64) AppleWebKit/537.36 (KHTML, like Gecko) Chrome/114.0.0.0 Safari/537.36',
  'upgrade-insecure-requests' => '1',
  'sec-ch-ua-platform' => '"Windows"',
  'sec-ch-ua-mobile' => '?0',
  'sec-ch-ua' => '"Not.A/Brand";v="8", "Chromium";v="114", "Google Chrome";v="114"',
  'connection' => 'close',
  'host' => 'localhost:81',
)
[ info ] [ PARAM ] array (
  'AliyunTag' => '63c7e9b6c2bc2',
)
[ info ] [ BEHAVIOR ] Run app\common\behavior\Common @module_init [ RunTime:0.003131s ]
[ info ] [ RUN ] app\api\controller\Index->fff[ C:\w\frt\mdm-api\application\api\controller\Index.php ]
[ info ] [ LOG ] INIT File
---------------------------------------------------------------
[ 2023-06-30T15:43:06+08:00 ] 0.0.0.0 GET localhost:81/index.php/index/fff?AliyunTag=63c7e9b6c2bc2
[运行时间：0.031496s] [吞吐率：31.75req/s] [内存消耗：1,674.16kb] [文件加载：37]
[ info ] [ ROUTE ] array (
  'type' => 'module',
  'module' => 
  array (
    0 => 'index',
    1 => 'fff',
    2 => NULL,
  ),
)
[ info ] [ HEADER ] array (
  'cookie' => 'PHPSESSID=eg3ci24v5o57i2gej4if2r9f2m; think_var=en-ph; thinkphp_show_page_trace=0|0',
  'accept-language' => 'en-PH,en;q=0.9,zh-CN;q=0.8,zh;q=0.7,en-US;q=0.6,zh-TW;q=0.5',
  'accept-encoding' => 'gzip, deflate, br',
  'sec-fetch-dest' => 'document',
  'sec-fetch-user' => '?1',
  'sec-fetch-mode' => 'navigate',
  'sec-fetch-site' => 'none',
  'accept' => 'text/html,application/xhtml+xml,application/xml;q=0.9,image/avif,image/webp,image/apng,*/*;q=0.8,application/signed-exchange;v=b3;q=0.7',
  'user-agent' => 'Mozilla/5.0 (Windows NT 10.0; Win64; x64) AppleWebKit/537.36 (KHTML, like Gecko) Chrome/114.0.0.0 Safari/537.36',
  'upgrade-insecure-requests' => '1',
  'sec-ch-ua-platform' => '"Windows"',
  'sec-ch-ua-mobile' => '?0',
  'sec-ch-ua' => '"Not.A/Brand";v="8", "Chromium";v="114", "Google Chrome";v="114"',
  'connection' => 'close',
  'host' => 'localhost:81',
)
[ info ] [ PARAM ] array (
  'AliyunTag' => '63c7e9b6c2bc2',
)
[ info ] [ BEHAVIOR ] Run app\common\behavior\Common @module_init [ RunTime:0.002648s ]
[ info ] [ LOG ] INIT File
---------------------------------------------------------------
[ 2023-06-30T15:43:42+08:00 ] 0.0.0.0 GET localhost:81/index.php/api/index/fff?AliyunTag=63c7e9b6c2bc2
[运行时间：0.030077s] [吞吐率：33.25req/s] [内存消耗：2,462.05kb] [文件加载：40]
[ info ] [ ROUTE ] array (
  'type' => 'module',
  'module' => 
  array (
    0 => 'api',
    1 => 'index',
    2 => 'fff',
  ),
)
[ info ] [ HEADER ] array (
  'cookie' => 'thinkphp_show_page_trace=0|0; PHPSESSID=eg3ci24v5o57i2gej4if2r9f2m; think_var=en-ph; thinkphp_show_page_trace=0|0',
  'accept-language' => 'en-PH,en;q=0.9,zh-CN;q=0.8,zh;q=0.7,en-US;q=0.6,zh-TW;q=0.5',
  'accept-encoding' => 'gzip, deflate, br',
  'sec-fetch-dest' => 'document',
  'sec-fetch-user' => '?1',
  'sec-fetch-mode' => 'navigate',
  'sec-fetch-site' => 'none',
  'accept' => 'text/html,application/xhtml+xml,application/xml;q=0.9,image/avif,image/webp,image/apng,*/*;q=0.8,application/signed-exchange;v=b3;q=0.7',
  'user-agent' => 'Mozilla/5.0 (Windows NT 10.0; Win64; x64) AppleWebKit/537.36 (KHTML, like Gecko) Chrome/114.0.0.0 Safari/537.36',
  'upgrade-insecure-requests' => '1',
  'sec-ch-ua-platform' => '"Windows"',
  'sec-ch-ua-mobile' => '?0',
  'sec-ch-ua' => '"Not.A/Brand";v="8", "Chromium";v="114", "Google Chrome";v="114"',
  'connection' => 'close',
  'host' => 'localhost:81',
)
[ info ] [ PARAM ] array (
  'AliyunTag' => '63c7e9b6c2bc2',
)
[ info ] [ BEHAVIOR ] Run app\common\behavior\Common @module_init [ RunTime:0.002512s ]
[ info ] [ RUN ] app\api\controller\Index->fff[ C:\w\frt\mdm-api\application\api\controller\Index.php ]
[ info ] [ LOG ] INIT File
---------------------------------------------------------------
[ 2023-06-30T15:57:03+08:00 ] 0.0.0.0 GET localhost:81/index.php/userInfo?AliyunTag=63c7e9b6c2bc2
[运行时间：0.046195s] [吞吐率：21.65req/s] [内存消耗：2,462.92kb] [文件加载：40]
[ info ] [ ROUTE ] array (
  'type' => 'module',
  'module' => 
  array (
    0 => 'api',
    1 => 'index',
    2 => 'is_check_v2',
  ),
  'convert' => false,
)
[ info ] [ HEADER ] array (
  'cookie' => 'PHPSESSID=eg3ci24v5o57i2gej4if2r9f2m; think_var=en-ph; thinkphp_show_page_trace=0|0',
  'accept-language' => 'en-PH,en;q=0.9,zh-CN;q=0.8,zh;q=0.7,en-US;q=0.6,zh-TW;q=0.5',
  'accept-encoding' => 'gzip, deflate, br',
  'sec-fetch-dest' => 'document',
  'sec-fetch-user' => '?1',
  'sec-fetch-mode' => 'navigate',
  'sec-fetch-site' => 'none',
  'accept' => 'text/html,application/xhtml+xml,application/xml;q=0.9,image/avif,image/webp,image/apng,*/*;q=0.8,application/signed-exchange;v=b3;q=0.7',
  'user-agent' => 'Mozilla/5.0 (Windows NT 10.0; Win64; x64) AppleWebKit/537.36 (KHTML, like Gecko) Chrome/114.0.0.0 Safari/537.36',
  'upgrade-insecure-requests' => '1',
  'sec-ch-ua-platform' => '"Windows"',
  'sec-ch-ua-mobile' => '?0',
  'sec-ch-ua' => '"Not.A/Brand";v="8", "Chromium";v="114", "Google Chrome";v="114"',
  'cache-control' => 'max-age=0',
  'connection' => 'close',
  'host' => 'localhost:81',
)
[ info ] [ PARAM ] array (
  'AliyunTag' => '63c7e9b6c2bc2',
)
[ info ] [ BEHAVIOR ] Run app\common\behavior\Common @module_init [ RunTime:0.003914s ]
[ info ] [ RUN ] app\api\controller\Index->is_check_v2[ C:\w\frt\mdm-api\application\api\controller\Index.php ]
[ info ] [ LOG ] INIT File
---------------------------------------------------------------
[ 2023-06-30T19:11:49+08:00 ] 0.0.0.0 GET localhost:81/index.php
[运行时间：0.049974s] [吞吐率：20.01req/s] [内存消耗：2,623.01kb] [文件加载：46]
[ info ] [ ROUTE ] array (
  'type' => 'module',
  'module' => 
  array (
    0 => '',
    1 => NULL,
    2 => NULL,
  ),
)
[ info ] [ HEADER ] array (
  'cookie' => 'PHPSESSID=eg3ci24v5o57i2gej4if2r9f2m; think_var=en-ph; thinkphp_show_page_trace=0|0',
  'accept-language' => 'en-PH,en;q=0.9,zh-CN;q=0.8,zh;q=0.7,en-US;q=0.6,zh-TW;q=0.5',
  'accept-encoding' => 'gzip, deflate, br',
  'sec-fetch-dest' => 'document',
  'sec-fetch-user' => '?1',
  'sec-fetch-mode' => 'navigate',
  'sec-fetch-site' => 'none',
  'accept' => 'text/html,application/xhtml+xml,application/xml;q=0.9,image/avif,image/webp,image/apng,*/*;q=0.8,application/signed-exchange;v=b3;q=0.7',
  'user-agent' => 'Mozilla/5.0 (Windows NT 10.0; Win64; x64) AppleWebKit/537.36 (KHTML, like Gecko) Chrome/114.0.0.0 Safari/537.36',
  'upgrade-insecure-requests' => '1',
  'sec-ch-ua-platform' => '"Windows"',
  'sec-ch-ua-mobile' => '?0',
  'sec-ch-ua' => '"Not.A/Brand";v="8", "Chromium";v="114", "Google Chrome";v="114"',
  'connection' => 'close',
  'host' => 'localhost:81',
)
[ info ] [ PARAM ] array (
)
[ info ] [ BEHAVIOR ] Run app\common\behavior\Common @module_init [ RunTime:0.003521s ]
[ info ] [ SESSION ] INIT array (
  'id' => '',
  'var_session_id' => '',
  'prefix' => 'think',
  'type' => '',
  'auto_start' => true,
)
[ info ] [ RUN ] app\index\controller\Index->index[ C:\w\frt\mdm-api\application\index\controller\Index.php ]
[ info ] [ LOG ] INIT File
